<?xml version="1.0" encoding="UTF-8"?>
<!-- Generated by org.testng.reporters.JUnitReportReporter -->
<testsuite skipped="0" hostname="LAPTOP-DA1VB614" name="demo.SumValidation" tests="1" failures="0" timestamp="02 May 2020 07:27:16 GMT" time="1.230" errors="0">
  <testcase name="sumofcourses" time="1.230" classname="demo.SumValidation"/>
</testsuite> <!-- demo.SumValidation -->
