<?xml version="1.0" encoding="UTF-8"?>
<!-- Generated by org.testng.reporters.JUnitReportReporter -->
<testsuite skipped="0" hostname="LAPTOP-DA1VB614" name="files.StaticJson" tests="1" failures="0" timestamp="03 May 2020 09:19:12 GMT" time="1.966" errors="0">
  <testcase name="addBook1" time="1.966" classname="files.StaticJson"/>
</testsuite> <!-- files.StaticJson -->
